<?xml version="1.0" encoding="UTF-8"?>
<!-- Generated by org.testng.reporters.JUnitReportReporter -->
<testsuite hostname="LIN60017178" failures="0" tests="2" name="TestNG.TestNGParallelTest" time="14.104" errors="0" timestamp="2023-04-10T17:53:19 IST" skipped="0">
  <testcase classname="TestNG.TestNGParallelTest" name="verifyTitle" time="6.533"/>
  <system-out/>
  <testcase classname="TestNG.TestNGParallelTest" name="verifyLogo" time="7.571"/>
  <system-out/>
</testsuite> <!-- TestNG.TestNGParallelTest -->
