<?xml version="1.0" encoding="UTF-8"?>
<!-- Generated by org.testng.reporters.JUnitReportReporter -->
<testsuite hostname="LIN60017178" failures="0" tests="2" name="TestNG.RunMultipleTestSuite1" time="11.665" errors="0" timestamp="2023-04-11T11:11:17 IST" skipped="0">
  <testcase classname="TestNG.RunMultipleTestSuite1" name="verifyLogo" time="6.836"/>
  <system-out/>
  <testcase classname="TestNG.RunMultipleTestSuite1" name="verifyTitle" time="4.829"/>
  <system-out/>
</testsuite> <!-- TestNG.RunMultipleTestSuite1 -->
