<?xml version="1.0" encoding="UTF-8"?>
<!-- Generated by org.testng.reporters.JUnitReportReporter -->
<testsuite hostname="LIN60017178" failures="0" tests="1" name="SeleniumDemo.TestNGBeforeAndAfterTest" time="0.005" errors="0" timestamp="2023-04-10T17:14:32 IST" skipped="0">
  <testcase classname="SeleniumDemo.TestNGBeforeAndAfterTest" name="testCase2" time="0.005"/>
  <system-out/>
</testsuite> <!-- SeleniumDemo.TestNGBeforeAndAfterTest -->
