<?xml version="1.0" encoding="UTF-8"?>
<!-- Generated by org.testng.reporters.JUnitReportReporter -->
<testsuite hostname="LIN60017178" failures="0" tests="2" name="SeleniumDemo.TestNGBeforeAndAfterMethod" time="0.019" errors="0" timestamp="2023-04-10T17:23:20 IST" skipped="0">
  <testcase classname="SeleniumDemo.TestNGBeforeAndAfterMethod" name="test1" time="0.013"/>
  <system-out/>
  <testcase classname="SeleniumDemo.TestNGBeforeAndAfterMethod" name="test2" time="0.006"/>
  <system-out/>
</testsuite> <!-- SeleniumDemo.TestNGBeforeAndAfterMethod -->
