<?xml version="1.0" encoding="UTF-8"?>
<!-- Generated by org.testng.reporters.JUnitReportReporter -->
<testsuite hostname="LIN60017178" failures="0" tests="3" name="SeleniumDemo.TestNGExample1" time="0.027" errors="0" timestamp="2023-04-10T16:00:05 IST" skipped="0">
  <testcase classname="SeleniumDemo.TestNGExample1" name="testCase1" time="0.020"/>
  <system-out/>
  <testcase classname="SeleniumDemo.TestNGExample1" name="testCase2" time="0.004"/>
  <system-out/>
  <testcase classname="SeleniumDemo.TestNGExample1" name="testCase3" time="0.003"/>
  <system-out/>
</testsuite> <!-- SeleniumDemo.TestNGExample1 -->
