<?xml version="1.0" encoding="UTF-8"?>
<!-- Generated by org.testng.reporters.JUnitReportReporter -->
<testsuite hostname="LIN60017178" failures="0" tests="1" name="TestNG.RunMultipleTestSuite2" time="5.155" errors="0" timestamp="2023-04-11T11:11:17 IST" skipped="0">
  <testcase classname="TestNG.RunMultipleTestSuite2" name="verifyLogin" time="5.155"/>
  <system-out/>
</testsuite> <!-- TestNG.RunMultipleTestSuite2 -->
