<?xml version="1.0" encoding="UTF-8"?>
<!-- Generated by org.testng.reporters.JUnitReportReporter -->
<testsuite hostname="LIN60017178" failures="0" tests="1" name="SeleniumDemo.FirstTestNGFile" time="9.318" errors="0" timestamp="2023-04-10T15:46:51 IST" skipped="0">
  <testcase classname="SeleniumDemo.FirstTestNGFile" name="verifyPageTitle" time="9.318"/>
  <system-out/>
</testsuite> <!-- SeleniumDemo.FirstTestNGFile -->
